Determining if the pthread_create exist failed with the following output:
Change Dir: /home/inbox-dih/Downloads/dlib-19.4/tools/python/build/CMakeFiles/CMakeTmp

Run Build Command:"/usr/bin/make" "cmTC_e0722/fast"
/usr/bin/make -f CMakeFiles/cmTC_e0722.dir/build.make CMakeFiles/cmTC_e0722.dir/build
make[1]: Entering directory '/home/inbox-dih/Downloads/dlib-19.4/tools/python/build/CMakeFiles/CMakeTmp'
Building C object CMakeFiles/cmTC_e0722.dir/CheckSymbolExists.c.o
/usr/bin/cc    -fPIE   -o CMakeFiles/cmTC_e0722.dir/CheckSymbolExists.c.o   -c /home/inbox-dih/Downloads/dlib-19.4/tools/python/build/CMakeFiles/CMakeTmp/CheckSymbolExists.c
Linking C executable cmTC_e0722
/usr/bin/cmake -E cmake_link_script CMakeFiles/cmTC_e0722.dir/link.txt --verbose=1
/usr/bin/cc       CMakeFiles/cmTC_e0722.dir/CheckSymbolExists.c.o  -o cmTC_e0722 -rdynamic 
CMakeFiles/cmTC_e0722.dir/CheckSymbolExists.c.o: In function `main':
CheckSymbolExists.c:(.text+0x1b): undefined reference to `pthread_create'
collect2: error: ld returned 1 exit status
CMakeFiles/cmTC_e0722.dir/build.make:97: recipe for target 'cmTC_e0722' failed
make[1]: *** [cmTC_e0722] Error 1
make[1]: Leaving directory '/home/inbox-dih/Downloads/dlib-19.4/tools/python/build/CMakeFiles/CMakeTmp'
Makefile:126: recipe for target 'cmTC_e0722/fast' failed
make: *** [cmTC_e0722/fast] Error 2

File /home/inbox-dih/Downloads/dlib-19.4/tools/python/build/CMakeFiles/CMakeTmp/CheckSymbolExists.c:
/* */
#include <pthread.h>

int main(int argc, char** argv)
{
  (void)argv;
#ifndef pthread_create
  return ((int*)(&pthread_create))[argc];
#else
  (void)argc;
  return 0;
#endif
}

Determining if the function pthread_create exists in the pthreads failed with the following output:
Change Dir: /home/inbox-dih/Downloads/dlib-19.4/tools/python/build/CMakeFiles/CMakeTmp

Run Build Command:"/usr/bin/make" "cmTC_7077e/fast"
/usr/bin/make -f CMakeFiles/cmTC_7077e.dir/build.make CMakeFiles/cmTC_7077e.dir/build
make[1]: Entering directory '/home/inbox-dih/Downloads/dlib-19.4/tools/python/build/CMakeFiles/CMakeTmp'
Building C object CMakeFiles/cmTC_7077e.dir/CheckFunctionExists.c.o
/usr/bin/cc    -DCHECK_FUNCTION_EXISTS=pthread_create -fPIE   -o CMakeFiles/cmTC_7077e.dir/CheckFunctionExists.c.o   -c /usr/share/cmake-3.5/Modules/CheckFunctionExists.c
Linking C executable cmTC_7077e
/usr/bin/cmake -E cmake_link_script CMakeFiles/cmTC_7077e.dir/link.txt --verbose=1
/usr/bin/cc   -DCHECK_FUNCTION_EXISTS=pthread_create    CMakeFiles/cmTC_7077e.dir/CheckFunctionExists.c.o  -o cmTC_7077e -rdynamic -lpthreads 
/usr/bin/ld: cannot find -lpthreads
collect2: error: ld returned 1 exit status
CMakeFiles/cmTC_7077e.dir/build.make:97: recipe for target 'cmTC_7077e' failed
make[1]: *** [cmTC_7077e] Error 1
make[1]: Leaving directory '/home/inbox-dih/Downloads/dlib-19.4/tools/python/build/CMakeFiles/CMakeTmp'
Makefile:126: recipe for target 'cmTC_7077e/fast' failed
make: *** [cmTC_7077e/fast] Error 2


